<?xml version="1.0" encoding="UTF-8"?>
<!-- Generated by org.testng.reporters.JUnitReportReporter -->
<testsuite hostname="XD-IN-CL-L005" failures="0" tests="3" name="tests.LoginTest2" time="54.125" errors="1" timestamp="2026-01-06T15:10:15 IST" skipped="1">
  <testcase classname="tests.LoginTest2" name="loginTest1" time="15.008"/>
  <testcase classname="tests.LoginTest2" name="loginTest3" time="14.055">
    <skipped/>
  </testcase> <!-- loginTest3 -->
  <testcase classname="tests.LoginTest2" name="loginTest2" time="25.062">
    <error message="Error {
  message=&#039;Timeout 10000ms exceeded.
  name=&#039;TimeoutError
  stack=&#039;TimeoutError: Timeout 10000ms exceeded.
    at ProgressController.run (C:\Users\Admin\AppData\Local\Temp\playwright-java-16999802599138939415\package\lib\server\progress.js:68:28)
    at FrameDispatcher._runCommand (C:\Users\Admin\AppData\Local\Temp\playwright-java-16999802599138939415\package\lib\server\dispatchers\dispatcher.js:95:31)
    at DispatcherConnection.dispatch (C:\Users\Admin\AppData\Local\Temp\playwright-java-16999802599138939415\package\lib\server\dispatchers\dispatcher.js:329:39)
}
Call log:
-   - waiting for locator(&quot;oxd-text oxd-text--span oxd-main-menu-item--name&quot;)
" type="com.microsoft.playwright.TimeoutError">
      <![CDATA[com.microsoft.playwright.TimeoutError: Error {
  message='Timeout 10000ms exceeded.
  name='TimeoutError
  stack='TimeoutError: Timeout 10000ms exceeded.
    at ProgressController.run (C:\Users\Admin\AppData\Local\Temp\playwright-java-16999802599138939415\package\lib\server\progress.js:68:28)
    at FrameDispatcher._runCommand (C:\Users\Admin\AppData\Local\Temp\playwright-java-16999802599138939415\package\lib\server\dispatchers\dispatcher.js:95:31)
    at DispatcherConnection.dispatch (C:\Users\Admin\AppData\Local\Temp\playwright-java-16999802599138939415\package\lib\server\dispatchers\dispatcher.js:329:39)
}
Call log:
-   - waiting for locator("oxd-text oxd-text--span oxd-main-menu-item--name")

at com.microsoft.playwright.impl.WaitableResult.get(WaitableResult.java:52)
at com.microsoft.playwright.impl.ChannelOwner.runUntil(ChannelOwner.java:138)
at com.microsoft.playwright.impl.Connection.sendMessage(Connection.java:131)
at com.microsoft.playwright.impl.ChannelOwner.sendMessage(ChannelOwner.java:124)
at com.microsoft.playwright.impl.FrameImpl.clickImpl(FrameImpl.java:244)
at com.microsoft.playwright.impl.PageImpl.click(PageImpl.java:691)
at com.microsoft.playwright.Page.click(Page.java:3944)
at pages.HomePage.clickTimeLink(HomePage.java:19)
at tests.LoginTest2.loginTest2(LoginTest2.java:67)
at java.base/jdk.internal.reflect.DirectMethodHandleAccessor.invoke(DirectMethodHandleAccessor.java:103)
at java.base/java.lang.reflect.Method.invoke(Method.java:580)
at org.testng.internal.invokers.MethodInvocationHelper.invokeMethod(MethodInvocationHelper.java:141)
at org.testng.internal.invokers.TestInvoker.invokeMethod(TestInvoker.java:687)
at org.testng.internal.invokers.TestInvoker.invokeTestMethod(TestInvoker.java:230)
at org.testng.internal.invokers.MethodRunner.runInSequence(MethodRunner.java:63)
at org.testng.internal.invokers.TestInvoker$MethodInvocationAgent.invoke(TestInvoker.java:995)
at org.testng.internal.invokers.TestInvoker.invokeTestMethods(TestInvoker.java:203)
at org.testng.internal.invokers.TestMethodWorker.invokeTestMethods(TestMethodWorker.java:154)
at org.testng.internal.invokers.TestMethodWorker.run(TestMethodWorker.java:134)
at java.base/java.util.ArrayList.forEach(ArrayList.java:1597)
at org.testng.TestRunner.privateRun(TestRunner.java:741)
at org.testng.TestRunner.run(TestRunner.java:616)
at org.testng.SuiteRunner.runTest(SuiteRunner.java:421)
at org.testng.SuiteRunner.runSequentially(SuiteRunner.java:413)
at org.testng.SuiteRunner.privateRun(SuiteRunner.java:373)
at org.testng.SuiteRunner.run(SuiteRunner.java:312)
at org.testng.SuiteRunnerWorker.runSuite(SuiteRunnerWorker.java:52)
at org.testng.SuiteRunnerWorker.run(SuiteRunnerWorker.java:95)
at org.testng.TestNG.runSuitesSequentially(TestNG.java:1274)
at org.testng.TestNG.runSuitesLocally(TestNG.java:1208)
at org.testng.TestNG.runSuites(TestNG.java:1112)
at org.testng.TestNG.run(TestNG.java:1079)
at org.testng.remote.AbstractRemoteTestNG.run(AbstractRemoteTestNG.java:115)
at org.testng.remote.RemoteTestNG.initAndRun(RemoteTestNG.java:293)
at org.testng.remote.RemoteTestNG.main(RemoteTestNG.java:91)
Caused by: com.microsoft.playwright.TimeoutError: Error {
  message='Timeout 10000ms exceeded.
  name='TimeoutError
  stack='TimeoutError: Timeout 10000ms exceeded.
    at ProgressController.run (C:\Users\Admin\AppData\Local\Temp\playwright-java-16999802599138939415\package\lib\server\progress.js:68:28)
    at FrameDispatcher._runCommand (C:\Users\Admin\AppData\Local\Temp\playwright-java-16999802599138939415\package\lib\server\dispatchers\dispatcher.js:95:31)
    at DispatcherConnection.dispatch (C:\Users\Admin\AppData\Local\Temp\playwright-java-16999802599138939415\package\lib\server\dispatchers\dispatcher.js:329:39)
}
Call log:
-   - waiting for locator("oxd-text oxd-text--span oxd-main-menu-item--name")

at com.microsoft.playwright.impl.Connection.dispatch(Connection.java:257)
at com.microsoft.playwright.impl.Connection.processOneMessage(Connection.java:214)
at com.microsoft.playwright.impl.ChannelOwner.runUntil(ChannelOwner.java:136)
... 33 more
]]>
    </error>
  </testcase> <!-- loginTest2 -->
</testsuite> <!-- tests.LoginTest2 -->
